<?xml version="1.0" encoding="UTF-8"?>
<!-- Generated by org.testng.reporters.JUnitReportReporter -->
<testsuite hostname="LAPTOP-LG5AILSV" failures="0" tests="1" name="New_Selenium.Project.StandAloneTest" time="6.275" errors="0" timestamp="2025-09-04T20:03:40 IST" skipped="0">
  <testcase classname="New_Selenium.Project.StandAloneTest" name="historyPage" time="6.275"/>
</testsuite> <!-- New_Selenium.Project.StandAloneTest -->
